build/app/intermediates/manifest_merge_blame_file/release/manifest-merger-blame-release-report.txt
1<?xml version="1.0" encoding="utf-8"?>
2<manifest xmlns:android="http://schemas.android.com/apk/res/android"
3    package="com.example.courier_app"
4    android:versionCode="1"
5    android:versionName="1.0.0" >
6
7    <uses-sdk
8        android:minSdkVersion="24"
8-->src\main\AndroidManifest.xml
9        android:targetSdkVersion="28" />
9-->src\main\AndroidManifest.xml
10    <!--
11         io.flutter.app.FlutterApplication is an android.app.Application that
12         calls FlutterMain.startInitialization(this); in its onCreate method.
13         In most cases you can leave this as-is, but you if you want to provide
14         additional functionality it is fine to subclass or reimplement
15         FlutterApplication and put your custom class here.
16    -->
17    <uses-permission android:name="android.permission.INTERNET" />
17-->src\main\AndroidManifest.xml:8:5-66
17-->src\main\AndroidManifest.xml:8:22-64
18    <!-- Create a unique permission for your app and use it so only your app can receive your OneSignal messages. -->
19    <permission
19-->[com.onesignal:OneSignal:3.15.3] AndroidManifest.xml:7:5-9:47
20        android:name="com.example.courier_app.permission.C2D_MESSAGE"
20-->[com.onesignal:OneSignal:3.15.3] AndroidManifest.xml:8:9-63
21        android:protectionLevel="signature" />
21-->[com.onesignal:OneSignal:3.15.3] AndroidManifest.xml:9:9-44
22
23    <uses-permission android:name="com.example.courier_app.permission.C2D_MESSAGE" />
23-->[com.onesignal:OneSignal:3.15.3] AndroidManifest.xml:11:5-79
23-->[com.onesignal:OneSignal:3.15.3] AndroidManifest.xml:11:22-76
24    <uses-permission android:name="com.google.android.c2dm.permission.RECEIVE" /> <!-- Required, makes sure notifications are delivered on time. -->
24-->[com.onesignal:OneSignal:3.15.3] AndroidManifest.xml:17:5-82
24-->[com.onesignal:OneSignal:3.15.3] AndroidManifest.xml:17:22-79
25    <uses-permission android:name="android.permission.WAKE_LOCK" />
25-->[com.onesignal:OneSignal:3.15.3] AndroidManifest.xml:18:5-68
25-->[com.onesignal:OneSignal:3.15.3] AndroidManifest.xml:18:22-65
26    <!--
27 Required so the device vibrates on receiving a push notification.
28         Vibration settings of the device still apply.
29    -->
30    <uses-permission android:name="android.permission.VIBRATE" />
30-->[com.onesignal:OneSignal:3.15.3] AndroidManifest.xml:23:5-66
30-->[com.onesignal:OneSignal:3.15.3] AndroidManifest.xml:23:22-63
31    <uses-permission android:name="android.permission.ACCESS_NETWORK_STATE" />
31-->[com.onesignal:OneSignal:3.15.3] AndroidManifest.xml:24:5-79
31-->[com.onesignal:OneSignal:3.15.3] AndroidManifest.xml:24:22-76
32    <!--
33 Use to restore notifications the user hasn't interacted with.
34         They could be missed notifications if the user reboots their device if this isn't in place.
35    -->
36    <uses-permission android:name="android.permission.RECEIVE_BOOT_COMPLETED" /> <!-- START: ShortcutBadger -->
36-->[com.onesignal:OneSignal:3.15.3] AndroidManifest.xml:29:5-81
36-->[com.onesignal:OneSignal:3.15.3] AndroidManifest.xml:29:22-78
37    <!-- Samsung -->
38    <uses-permission android:name="com.sec.android.provider.badge.permission.READ" />
38-->[com.onesignal:OneSignal:3.15.3] AndroidManifest.xml:31:5-86
38-->[com.onesignal:OneSignal:3.15.3] AndroidManifest.xml:31:22-83
39    <uses-permission android:name="com.sec.android.provider.badge.permission.WRITE" /> <!-- HTC -->
39-->[com.onesignal:OneSignal:3.15.3] AndroidManifest.xml:32:5-87
39-->[com.onesignal:OneSignal:3.15.3] AndroidManifest.xml:32:22-84
40    <uses-permission android:name="com.htc.launcher.permission.READ_SETTINGS" />
40-->[com.onesignal:OneSignal:3.15.3] AndroidManifest.xml:33:5-81
40-->[com.onesignal:OneSignal:3.15.3] AndroidManifest.xml:33:22-78
41    <uses-permission android:name="com.htc.launcher.permission.UPDATE_SHORTCUT" /> <!-- Sony -->
41-->[com.onesignal:OneSignal:3.15.3] AndroidManifest.xml:34:5-83
41-->[com.onesignal:OneSignal:3.15.3] AndroidManifest.xml:34:22-80
42    <uses-permission android:name="com.sonyericsson.home.permission.BROADCAST_BADGE" />
42-->[com.onesignal:OneSignal:3.15.3] AndroidManifest.xml:35:5-88
42-->[com.onesignal:OneSignal:3.15.3] AndroidManifest.xml:35:22-85
43    <uses-permission android:name="com.sonymobile.home.permission.PROVIDER_INSERT_BADGE" /> <!-- Apex -->
43-->[com.onesignal:OneSignal:3.15.3] AndroidManifest.xml:36:5-92
43-->[com.onesignal:OneSignal:3.15.3] AndroidManifest.xml:36:22-89
44    <uses-permission android:name="com.anddoes.launcher.permission.UPDATE_COUNT" /> <!-- Solid -->
44-->[com.onesignal:OneSignal:3.15.3] AndroidManifest.xml:37:5-84
44-->[com.onesignal:OneSignal:3.15.3] AndroidManifest.xml:37:22-81
45    <uses-permission android:name="com.majeur.launcher.permission.UPDATE_BADGE" /> <!-- Huawei -->
45-->[com.onesignal:OneSignal:3.15.3] AndroidManifest.xml:38:5-83
45-->[com.onesignal:OneSignal:3.15.3] AndroidManifest.xml:38:22-80
46    <uses-permission android:name="com.huawei.android.launcher.permission.CHANGE_BADGE" />
46-->[com.onesignal:OneSignal:3.15.3] AndroidManifest.xml:39:5-91
46-->[com.onesignal:OneSignal:3.15.3] AndroidManifest.xml:39:22-88
47    <uses-permission android:name="com.huawei.android.launcher.permission.READ_SETTINGS" />
47-->[com.onesignal:OneSignal:3.15.3] AndroidManifest.xml:40:5-92
47-->[com.onesignal:OneSignal:3.15.3] AndroidManifest.xml:40:22-89
48    <uses-permission android:name="com.huawei.android.launcher.permission.WRITE_SETTINGS" /> <!-- ZUK -->
48-->[com.onesignal:OneSignal:3.15.3] AndroidManifest.xml:41:5-93
48-->[com.onesignal:OneSignal:3.15.3] AndroidManifest.xml:41:22-90
49    <uses-permission android:name="android.permission.READ_APP_BADGE" /> <!-- OPPO -->
49-->[com.onesignal:OneSignal:3.15.3] AndroidManifest.xml:42:5-73
49-->[com.onesignal:OneSignal:3.15.3] AndroidManifest.xml:42:22-70
50    <uses-permission android:name="com.oppo.launcher.permission.READ_SETTINGS" />
50-->[com.onesignal:OneSignal:3.15.3] AndroidManifest.xml:43:5-82
50-->[com.onesignal:OneSignal:3.15.3] AndroidManifest.xml:43:22-79
51    <uses-permission android:name="com.oppo.launcher.permission.WRITE_SETTINGS" /> <!-- EvMe -->
51-->[com.onesignal:OneSignal:3.15.3] AndroidManifest.xml:44:5-83
51-->[com.onesignal:OneSignal:3.15.3] AndroidManifest.xml:44:22-80
52    <uses-permission android:name="me.everything.badger.permission.BADGE_COUNT_READ" />
52-->[com.onesignal:OneSignal:3.15.3] AndroidManifest.xml:45:5-88
52-->[com.onesignal:OneSignal:3.15.3] AndroidManifest.xml:45:22-85
53    <uses-permission android:name="me.everything.badger.permission.BADGE_COUNT_WRITE" />
53-->[com.onesignal:OneSignal:3.15.3] AndroidManifest.xml:46:5-89
53-->[com.onesignal:OneSignal:3.15.3] AndroidManifest.xml:46:22-86
54
55    <application
55-->src\main\AndroidManifest.xml:9:5-49:19
56        android:name="io.flutter.app.FlutterApplication"
56-->src\main\AndroidManifest.xml:10:9-57
57        android:appComponentFactory="androidx.core.app.CoreComponentFactory"
57-->[androidx.core:core:1.1.0] AndroidManifest.xml:24:18-86
58        android:icon="@mipmap/ic_launcher"
58-->src\main\AndroidManifest.xml:12:9-43
59        android:label="courier_app"
59-->src\main\AndroidManifest.xml:11:9-36
60        android:networkSecurityConfig="@xml/network_security_config"
60-->src\main\AndroidManifest.xml:14:9-69
61        android:usesCleartextTraffic="true" >
61-->src\main\AndroidManifest.xml:13:9-44
62        <activity
62-->src\main\AndroidManifest.xml:15:9-43:20
63            android:name="com.example.courier_app.MainActivity"
63-->src\main\AndroidManifest.xml:16:13-41
64            android:configChanges="orientation|keyboardHidden|keyboard|screenSize|smallestScreenSize|locale|layoutDirection|fontScale|screenLayout|density|uiMode"
64-->src\main\AndroidManifest.xml:19:13-163
65            android:hardwareAccelerated="true"
65-->src\main\AndroidManifest.xml:20:13-47
66            android:launchMode="singleTop"
66-->src\main\AndroidManifest.xml:17:13-43
67            android:theme="@style/LaunchTheme"
67-->src\main\AndroidManifest.xml:18:13-47
68            android:windowSoftInputMode="adjustResize" >
68-->src\main\AndroidManifest.xml:21:13-55
69
70            <!--
71                 Specifies an Android theme to apply to this Activity as soon as
72                 the Android process has started. This theme is visible to the user
73                 while the Flutter UI initializes. After that, this theme continues
74                 to determine the Window background behind the Flutter UI.
75            -->
76            <meta-data
76-->src\main\AndroidManifest.xml:26:13-29:17
77                android:name="io.flutter.embedding.android.NormalTheme"
77-->src\main\AndroidManifest.xml:27:15-70
78                android:resource="@style/NormalTheme" />
78-->src\main\AndroidManifest.xml:28:15-52
79            <!--
80                 Displays an Android View that continues showing the launch screen
81                 Drawable until Flutter paints its first frame, then this splash
82                 screen fades out. A splash screen is useful to avoid any visual
83                 gap between the end of Android's launch screen and the painting of
84                 Flutter's first frame.
85            -->
86            <meta-data
86-->src\main\AndroidManifest.xml:35:13-38:17
87                android:name="io.flutter.embedding.android.SplashScreenDrawable"
87-->src\main\AndroidManifest.xml:36:15-79
88                android:resource="@drawable/launch_background" />
88-->src\main\AndroidManifest.xml:37:15-61
89
90            <intent-filter>
90-->src\main\AndroidManifest.xml:39:13-42:29
91                <action android:name="android.intent.action.MAIN" />
91-->src\main\AndroidManifest.xml:40:17-68
91-->src\main\AndroidManifest.xml:40:25-66
92
93                <category android:name="android.intent.category.LAUNCHER" />
93-->src\main\AndroidManifest.xml:41:17-76
93-->src\main\AndroidManifest.xml:41:27-74
94            </intent-filter>
95        </activity>
96        <!--
97             Don't delete the meta-data below.
98             This is used by the Flutter tool to generate GeneratedPluginRegistrant.java
99        -->
100        <meta-data
100-->src\main\AndroidManifest.xml:46:9-48:33
101            android:name="flutterEmbedding"
101-->src\main\AndroidManifest.xml:47:13-44
102            android:value="2" />
102-->src\main\AndroidManifest.xml:48:13-30
103
104        <provider
104-->[:flutter_webview_plugin] AndroidManifest.xml:9:9-18:20
105            android:name="androidx.core.content.FileProvider"
105-->[:flutter_webview_plugin] AndroidManifest.xml:10:13-62
106            android:authorities="com.example.courier_app.fileprovider"
106-->[:flutter_webview_plugin] AndroidManifest.xml:11:13-64
107            android:exported="false"
107-->[:flutter_webview_plugin] AndroidManifest.xml:12:13-37
108            android:grantUriPermissions="true" >
108-->[:flutter_webview_plugin] AndroidManifest.xml:13:13-47
109            <meta-data
109-->[:flutter_webview_plugin] AndroidManifest.xml:15:13-17:53
110                android:name="android.support.FILE_PROVIDER_PATHS"
110-->[:flutter_webview_plugin] AndroidManifest.xml:16:17-67
111                android:resource="@xml/filepaths" />
111-->[:flutter_webview_plugin] AndroidManifest.xml:17:17-50
112        </provider>
113
114        <meta-data
114-->[com.onesignal:OneSignal:3.15.3] AndroidManifest.xml:49:9-51:51
115            android:name="onesignal_app_id"
115-->[com.onesignal:OneSignal:3.15.3] AndroidManifest.xml:50:13-44
116            android:value="${onesignal_app_id}" /> <!-- Deprecated - Pulled from OneSignal dashboard. -->
116-->[com.onesignal:OneSignal:3.15.3] AndroidManifest.xml:51:13-48
117        <meta-data
117-->[com.onesignal:OneSignal:3.15.3] AndroidManifest.xml:53:9-55:70
118            android:name="onesignal_google_project_number"
118-->[com.onesignal:OneSignal:3.15.3] AndroidManifest.xml:54:13-59
119            android:value="str:${onesignal_google_project_number}" />
119-->[com.onesignal:OneSignal:3.15.3] AndroidManifest.xml:55:13-67
120
121        <receiver
121-->[com.onesignal:OneSignal:3.15.3] AndroidManifest.xml:57:9-67:20
122            android:name="com.onesignal.GcmBroadcastReceiver"
122-->[com.onesignal:OneSignal:3.15.3] AndroidManifest.xml:58:13-62
123            android:permission="com.google.android.c2dm.permission.SEND" >
123-->[com.onesignal:OneSignal:3.15.3] AndroidManifest.xml:59:13-73
124
125            <!-- High priority so OneSignal payloads can be filtered from other GCM receivers if filterOtherGCMReceivers is enabled. -->
126            <intent-filter android:priority="999" >
126-->[com.onesignal:OneSignal:3.15.3] AndroidManifest.xml:62:13-66:29
126-->[com.onesignal:OneSignal:3.15.3] AndroidManifest.xml:62:28-50
127                <action android:name="com.google.android.c2dm.intent.RECEIVE" />
127-->[com.onesignal:OneSignal:3.15.3] AndroidManifest.xml:63:17-81
127-->[com.onesignal:OneSignal:3.15.3] AndroidManifest.xml:63:25-78
128
129                <category android:name="com.example.courier_app" />
129-->[com.onesignal:OneSignal:3.15.3] AndroidManifest.xml:65:17-61
129-->[com.onesignal:OneSignal:3.15.3] AndroidManifest.xml:65:27-58
130            </intent-filter>
131        </receiver>
132        <receiver android:name="com.onesignal.NotificationOpenedReceiver" />
132-->[com.onesignal:OneSignal:3.15.3] AndroidManifest.xml:68:9-77
132-->[com.onesignal:OneSignal:3.15.3] AndroidManifest.xml:68:19-74
133
134        <service
134-->[com.onesignal:OneSignal:3.15.3] AndroidManifest.xml:70:9-76:19
135            android:name="com.onesignal.HmsMessageServiceOneSignal"
135-->[com.onesignal:OneSignal:3.15.3] AndroidManifest.xml:71:13-68
136            android:exported="false" >
136-->[com.onesignal:OneSignal:3.15.3] AndroidManifest.xml:72:13-37
137            <intent-filter>
137-->[com.onesignal:OneSignal:3.15.3] AndroidManifest.xml:73:13-75:29
138                <action android:name="com.huawei.push.action.MESSAGING_EVENT" />
138-->[com.onesignal:OneSignal:3.15.3] AndroidManifest.xml:74:17-81
138-->[com.onesignal:OneSignal:3.15.3] AndroidManifest.xml:74:25-78
139            </intent-filter>
140        </service>
141
142        <activity
142-->[com.onesignal:OneSignal:3.15.3] AndroidManifest.xml:78:9-84:20
143            android:name="com.onesignal.NotificationOpenedActivityHMS"
143-->[com.onesignal:OneSignal:3.15.3] AndroidManifest.xml:79:13-71
144            android:theme="@android:style/Theme.Translucent.NoTitleBar" >
144-->[com.onesignal:OneSignal:3.15.3] AndroidManifest.xml:80:13-72
145            <intent-filter>
145-->[com.onesignal:OneSignal:3.15.3] AndroidManifest.xml:81:13-83:29
146                <action android:name="android.intent.action.VIEW" />
146-->[com.onesignal:OneSignal:3.15.3] AndroidManifest.xml:82:17-69
146-->[com.onesignal:OneSignal:3.15.3] AndroidManifest.xml:82:25-66
147            </intent-filter>
148        </activity>
149
150        <service android:name="com.onesignal.GcmIntentService" />
150-->[com.onesignal:OneSignal:3.15.3] AndroidManifest.xml:86:9-66
150-->[com.onesignal:OneSignal:3.15.3] AndroidManifest.xml:86:18-63
151        <service
151-->[com.onesignal:OneSignal:3.15.3] AndroidManifest.xml:87:9-89:72
152            android:name="com.onesignal.GcmIntentJobService"
152-->[com.onesignal:OneSignal:3.15.3] AndroidManifest.xml:88:13-61
153            android:permission="android.permission.BIND_JOB_SERVICE" />
153-->[com.onesignal:OneSignal:3.15.3] AndroidManifest.xml:89:13-69
154        <service
154-->[com.onesignal:OneSignal:3.15.3] AndroidManifest.xml:90:9-92:72
155            android:name="com.onesignal.RestoreJobService"
155-->[com.onesignal:OneSignal:3.15.3] AndroidManifest.xml:91:13-59
156            android:permission="android.permission.BIND_JOB_SERVICE" />
156-->[com.onesignal:OneSignal:3.15.3] AndroidManifest.xml:92:13-69
157        <service
157-->[com.onesignal:OneSignal:3.15.3] AndroidManifest.xml:93:9-95:72
158            android:name="com.onesignal.RestoreKickoffJobService"
158-->[com.onesignal:OneSignal:3.15.3] AndroidManifest.xml:94:13-66
159            android:permission="android.permission.BIND_JOB_SERVICE" />
159-->[com.onesignal:OneSignal:3.15.3] AndroidManifest.xml:95:13-69
160        <service
160-->[com.onesignal:OneSignal:3.15.3] AndroidManifest.xml:96:9-98:43
161            android:name="com.onesignal.SyncService"
161-->[com.onesignal:OneSignal:3.15.3] AndroidManifest.xml:97:13-53
162            android:stopWithTask="true" />
162-->[com.onesignal:OneSignal:3.15.3] AndroidManifest.xml:98:13-40
163        <service
163-->[com.onesignal:OneSignal:3.15.3] AndroidManifest.xml:99:9-101:72
164            android:name="com.onesignal.SyncJobService"
164-->[com.onesignal:OneSignal:3.15.3] AndroidManifest.xml:100:13-56
165            android:permission="android.permission.BIND_JOB_SERVICE" />
165-->[com.onesignal:OneSignal:3.15.3] AndroidManifest.xml:101:13-69
166
167        <activity
167-->[com.onesignal:OneSignal:3.15.3] AndroidManifest.xml:103:9-105:75
168            android:name="com.onesignal.PermissionsActivity"
168-->[com.onesignal:OneSignal:3.15.3] AndroidManifest.xml:104:13-61
169            android:theme="@android:style/Theme.Translucent.NoTitleBar" />
169-->[com.onesignal:OneSignal:3.15.3] AndroidManifest.xml:105:13-72
170
171        <service android:name="com.onesignal.NotificationRestoreService" />
171-->[com.onesignal:OneSignal:3.15.3] AndroidManifest.xml:107:9-76
171-->[com.onesignal:OneSignal:3.15.3] AndroidManifest.xml:107:18-73
172
173        <receiver android:name="com.onesignal.BootUpReceiver" >
173-->[com.onesignal:OneSignal:3.15.3] AndroidManifest.xml:109:9-114:20
173-->[com.onesignal:OneSignal:3.15.3] AndroidManifest.xml:109:19-62
174            <intent-filter>
174-->[com.onesignal:OneSignal:3.15.3] AndroidManifest.xml:110:13-113:29
175                <action android:name="android.intent.action.BOOT_COMPLETED" />
175-->[com.onesignal:OneSignal:3.15.3] AndroidManifest.xml:111:17-79
175-->[com.onesignal:OneSignal:3.15.3] AndroidManifest.xml:111:25-76
176                <action android:name="android.intent.action.QUICKBOOT_POWERON" />
176-->[com.onesignal:OneSignal:3.15.3] AndroidManifest.xml:112:17-82
176-->[com.onesignal:OneSignal:3.15.3] AndroidManifest.xml:112:25-79
177            </intent-filter>
178        </receiver>
179        <receiver android:name="com.onesignal.UpgradeReceiver" >
179-->[com.onesignal:OneSignal:3.15.3] AndroidManifest.xml:115:9-119:20
179-->[com.onesignal:OneSignal:3.15.3] AndroidManifest.xml:115:19-63
180            <intent-filter>
180-->[com.onesignal:OneSignal:3.15.3] AndroidManifest.xml:116:13-118:29
181                <action android:name="android.intent.action.MY_PACKAGE_REPLACED" />
181-->[com.onesignal:OneSignal:3.15.3] AndroidManifest.xml:117:17-84
181-->[com.onesignal:OneSignal:3.15.3] AndroidManifest.xml:117:25-81
182            </intent-filter>
183        </receiver>
184        <!--
185             FirebaseMessagingService performs security checks at runtime,
186             no need for explicit permissions despite exported="true"
187        -->
188        <service
188-->[com.google.firebase:firebase-messaging:17.3.4] AndroidManifest.xml:28:9-34:19
189            android:name="com.google.firebase.messaging.FirebaseMessagingService"
189-->[com.google.firebase:firebase-messaging:17.3.4] AndroidManifest.xml:29:13-82
190            android:exported="true" >
190-->[com.google.firebase:firebase-messaging:17.3.4] AndroidManifest.xml:30:13-36
191            <intent-filter android:priority="-500" >
191-->[com.google.firebase:firebase-messaging:17.3.4] AndroidManifest.xml:31:13-33:29
191-->[com.google.firebase:firebase-messaging:17.3.4] AndroidManifest.xml:31:28-51
192                <action android:name="com.google.firebase.MESSAGING_EVENT" />
192-->[com.google.firebase:firebase-messaging:17.3.4] AndroidManifest.xml:32:17-78
192-->[com.google.firebase:firebase-messaging:17.3.4] AndroidManifest.xml:32:25-75
193            </intent-filter>
194        </service>
195        <service
195-->[com.google.firebase:firebase-iid:17.0.4] AndroidManifest.xml:29:9-35:19
196            android:name="com.google.firebase.components.ComponentDiscoveryService"
196-->[com.google.firebase:firebase-iid:17.0.4] AndroidManifest.xml:30:13-84
197            android:exported="false" >
197-->[com.google.firebase:firebase-iid:17.0.4] AndroidManifest.xml:31:13-37
198            <meta-data
198-->[com.google.firebase:firebase-iid:17.0.4] AndroidManifest.xml:32:13-34:85
199                android:name="com.google.firebase.components:com.google.firebase.iid.Registrar"
199-->[com.google.firebase:firebase-iid:17.0.4] AndroidManifest.xml:33:17-96
200                android:value="com.google.firebase.components.ComponentRegistrar" />
200-->[com.google.firebase:firebase-iid:17.0.4] AndroidManifest.xml:34:17-82
201        </service>
202
203        <receiver
203-->[com.google.firebase:firebase-iid:17.0.4] AndroidManifest.xml:37:9-44:20
204            android:name="com.google.firebase.iid.FirebaseInstanceIdReceiver"
204-->[com.google.firebase:firebase-iid:17.0.4] AndroidManifest.xml:38:13-78
205            android:exported="true"
205-->[com.google.firebase:firebase-iid:17.0.4] AndroidManifest.xml:39:13-36
206            android:permission="com.google.android.c2dm.permission.SEND" >
206-->[com.google.firebase:firebase-iid:17.0.4] AndroidManifest.xml:40:13-73
207            <intent-filter>
207-->[com.google.firebase:firebase-iid:17.0.4] AndroidManifest.xml:41:13-43:29
208                <action android:name="com.google.android.c2dm.intent.RECEIVE" />
208-->[com.onesignal:OneSignal:3.15.3] AndroidManifest.xml:63:17-81
208-->[com.onesignal:OneSignal:3.15.3] AndroidManifest.xml:63:25-78
209            </intent-filter>
210        </receiver>
211        <!--
212             FirebaseInstanceIdService performs security checks at runtime,
213             no need for explicit permissions despite exported="true"
214        -->
215        <service
215-->[com.google.firebase:firebase-iid:17.0.4] AndroidManifest.xml:50:9-56:19
216            android:name="com.google.firebase.iid.FirebaseInstanceIdService"
216-->[com.google.firebase:firebase-iid:17.0.4] AndroidManifest.xml:51:13-77
217            android:exported="true" >
217-->[com.google.firebase:firebase-iid:17.0.4] AndroidManifest.xml:52:13-36
218            <intent-filter android:priority="-500" >
218-->[com.google.firebase:firebase-iid:17.0.4] AndroidManifest.xml:53:13-55:29
218-->[com.google.firebase:firebase-iid:17.0.4] AndroidManifest.xml:53:28-51
219                <action android:name="com.google.firebase.INSTANCE_ID_EVENT" />
219-->[com.google.firebase:firebase-iid:17.0.4] AndroidManifest.xml:54:17-80
219-->[com.google.firebase:firebase-iid:17.0.4] AndroidManifest.xml:54:25-77
220            </intent-filter>
221        </service>
222
223        <provider
223-->[com.google.firebase:firebase-common:16.0.3] AndroidManifest.xml:10:9-14:39
224            android:name="com.google.firebase.provider.FirebaseInitProvider"
224-->[com.google.firebase:firebase-common:16.0.3] AndroidManifest.xml:11:13-77
225            android:authorities="com.example.courier_app.firebaseinitprovider"
225-->[com.google.firebase:firebase-common:16.0.3] AndroidManifest.xml:12:13-72
226            android:exported="false"
226-->[com.google.firebase:firebase-common:16.0.3] AndroidManifest.xml:13:13-37
227            android:initOrder="100" />
227-->[com.google.firebase:firebase-common:16.0.3] AndroidManifest.xml:14:13-36
228
229        <activity
229-->[com.google.android.gms:play-services-base:16.0.1] AndroidManifest.xml:23:9-26:75
230            android:name="com.google.android.gms.common.api.GoogleApiActivity"
230-->[com.google.android.gms:play-services-base:16.0.1] AndroidManifest.xml:24:13-79
231            android:exported="false"
231-->[com.google.android.gms:play-services-base:16.0.1] AndroidManifest.xml:25:13-37
232            android:theme="@android:style/Theme.Translucent.NoTitleBar" />
232-->[com.google.android.gms:play-services-base:16.0.1] AndroidManifest.xml:26:13-72
233
234        <meta-data
234-->[com.google.android.gms:play-services-basement:16.0.1] AndroidManifest.xml:23:9-25:69
235            android:name="com.google.android.gms.version"
235-->[com.google.android.gms:play-services-basement:16.0.1] AndroidManifest.xml:24:13-58
236            android:value="@integer/google_play_services_version" />
236-->[com.google.android.gms:play-services-basement:16.0.1] AndroidManifest.xml:25:13-66
237    </application>
238
239</manifest>